<?xml version="1.0" encoding="UTF-8"?>
<!-- Generated by org.testng.reporters.JUnitReportReporter -->
<testsuite hostname="LAPTOP-KJB4U546" failures="0" tests="1" name="com.test.FrameHandling" time="9.937" errors="0" timestamp="2023-05-18T08:46:54 EDT" skipped="0">
  <testcase classname="com.test.FrameHandling" name="Frames" time="9.937"/>
  <system-out/>
</testsuite> <!-- com.test.FrameHandling -->
