<?xml version="1.0" encoding="UTF-8"?>
<!-- Generated by org.testng.reporters.JUnitReportReporter -->
<testsuite hostname="LAPTOP-KJB4U546" failures="0" tests="2" name="com.test.MultiTest" time="3.277" errors="0" timestamp="2023-05-18T08:35:06 EDT" skipped="0">
  <testcase classname="com.test.MultiTest" name="AdvanceDropDown" time="3.013"/>
  <system-out/>
  <testcase classname="com.test.MultiTest" name="SelectDropDown" time="0.264"/>
  <system-out/>
</testsuite> <!-- com.test.MultiTest -->
